1760336757.388872 client started (524): version 3.4, socket /tmp/tmux-1000/default, protocol 8
1760336757.389915 on Linux 6.6.87.2-microsoft-standard-WSL2 #1 SMP PREEMPT_DYNAMIC Thu Jun  5 18:30:46 UTC 2025
1760336757.390343 using libevent 2.1.12-stable poll
1760336757.390842 using ncurses 6.4 20240113
1760336757.391387 flags are 0x18010000
1760336757.392276 socket is /tmp/tmux-1000/default
1760336757.392941 trying connect
1760336757.393787 connect failed: No such file or directory
1760336757.394723 lock file is /tmp/tmux-1000/default.lock
1760336757.398804 flock succeeded
1760336757.399578 got lock (6)
1760336757.400918 trying connect
1760336757.401327 connect failed: No such file or directory
1760336757.402416 add peer 0x61f899b8d8b0: 7 ((nil))
1760336757.404497 sending message 100 to peer 0x61f899b8d8b0 (4 bytes)
1760336757.404789 sending message 111 to peer 0x61f899b8d8b0 (8 bytes)
1760336757.405120 sending message 101 to peer 0x61f899b8d8b0 (15 bytes)
1760336757.405439 sending message 109 to peer 0x61f899b8d8b0 (4 bytes)
1760336757.405685 sending message 102 to peer 0x61f899b8d8b0 (11 bytes)
1760336757.406005 sending message 108 to peer 0x61f899b8d8b0 (26 bytes)
1760336757.406597 sending message 112 to peer 0x61f899b8d8b0 (58 bytes)
1760336757.406913 sending message 112 to peer 0x61f899b8d8b0 (5 bytes)
1760336757.407416 sending message 112 to peer 0x61f899b8d8b0 (5 bytes)
1760336757.407664 sending message 112 to peer 0x61f899b8d8b0 (6 bytes)
1760336757.408010 sending message 112 to peer 0x61f899b8d8b0 (6 bytes)
1760336757.408425 sending message 112 to peer 0x61f899b8d8b0 (11 bytes)
1760336757.408770 sending message 112 to peer 0x61f899b8d8b0 (10 bytes)
1760336757.409116 sending message 112 to peer 0x61f899b8d8b0 (13 bytes)
1760336757.409363 sending message 112 to peer 0x61f899b8d8b0 (14 bytes)
1760336757.409522 sending message 112 to peer 0x61f899b8d8b0 (19 bytes)
1760336757.409748 sending message 112 to peer 0x61f899b8d8b0 (11 bytes)
1760336757.409939 sending message 112 to peer 0x61f899b8d8b0 (10 bytes)
1760336757.410227 sending message 112 to peer 0x61f899b8d8b0 (15 bytes)
1760336757.410796 sending message 112 to peer 0x61f899b8d8b0 (21 bytes)
1760336757.411492 sending message 112 to peer 0x61f899b8d8b0 (13 bytes)
1760336757.411852 sending message 112 to peer 0x61f899b8d8b0 (7 bytes)
1760336757.412172 sending message 112 to peer 0x61f899b8d8b0 (13 bytes)
1760336757.412501 sending message 112 to peer 0x61f899b8d8b0 (7 bytes)
1760336757.412907 sending message 112 to peer 0x61f899b8d8b0 (13 bytes)
1760336757.413153 sending message 112 to peer 0x61f899b8d8b0 (9 bytes)
1760336757.413398 sending message 112 to peer 0x61f899b8d8b0 (21 bytes)
1760336757.413994 sending message 112 to peer 0x61f899b8d8b0 (13 bytes)
1760336757.414267 sending message 112 to peer 0x61f899b8d8b0 (9 bytes)
1760336757.414759 sending message 112 to peer 0x61f899b8d8b0 (16 bytes)
1760336757.414940 sending message 112 to peer 0x61f899b8d8b0 (13 bytes)
1760336757.415117 sending message 112 to peer 0x61f899b8d8b0 (9 bytes)
1760336757.415361 sending message 112 to peer 0x61f899b8d8b0 (9 bytes)
1760336757.415736 sending message 112 to peer 0x61f899b8d8b0 (12 bytes)
1760336757.415961 sending message 112 to peer 0x61f899b8d8b0 (8 bytes)
1760336757.416275 sending message 112 to peer 0x61f899b8d8b0 (8 bytes)
1760336757.416646 sending message 112 to peer 0x61f899b8d8b0 (13 bytes)
1760336757.416875 sending message 112 to peer 0x61f899b8d8b0 (7 bytes)
1760336757.417128 sending message 112 to peer 0x61f899b8d8b0 (7 bytes)
1760336757.417544 sending message 112 to peer 0x61f899b8d8b0 (9 bytes)
1760336757.418054 sending message 112 to peer 0x61f899b8d8b0 (9 bytes)
1760336757.418289 sending message 112 to peer 0x61f899b8d8b0 (15 bytes)
1760336757.418688 sending message 112 to peer 0x61f899b8d8b0 (13 bytes)
1760336757.419024 sending message 112 to peer 0x61f899b8d8b0 (12 bytes)
1760336757.419574 sending message 112 to peer 0x61f899b8d8b0 (8 bytes)
1760336757.419793 sending message 112 to peer 0x61f899b8d8b0 (14 bytes)
1760336757.420039 sending message 112 to peer 0x61f899b8d8b0 (11 bytes)
1760336757.420767 sending message 112 to peer 0x61f899b8d8b0 (9 bytes)
1760336757.421146 sending message 112 to peer 0x61f899b8d8b0 (10 bytes)
1760336757.421705 sending message 112 to peer 0x61f899b8d8b0 (10 bytes)
1760336757.422047 sending message 112 to peer 0x61f899b8d8b0 (10 bytes)
1760336757.422232 sending message 112 to peer 0x61f899b8d8b0 (10 bytes)
1760336757.422551 sending message 112 to peer 0x61f899b8d8b0 (11 bytes)
1760336757.422925 sending message 112 to peer 0x61f899b8d8b0 (12 bytes)
1760336757.423162 sending message 112 to peer 0x61f899b8d8b0 (12 bytes)
1760336757.423550 sending message 112 to peer 0x61f899b8d8b0 (12 bytes)
1760336757.424162 sending message 112 to peer 0x61f899b8d8b0 (12 bytes)
1760336757.424351 sending message 112 to peer 0x61f899b8d8b0 (12 bytes)
1760336757.424580 sending message 112 to peer 0x61f899b8d8b0 (11 bytes)
1760336757.424791 sending message 112 to peer 0x61f899b8d8b0 (11 bytes)
1760336757.424942 sending message 112 to peer 0x61f899b8d8b0 (12 bytes)
1760336757.425116 sending message 112 to peer 0x61f899b8d8b0 (12 bytes)
1760336757.425248 sending message 112 to peer 0x61f899b8d8b0 (12 bytes)
1760336757.425492 sending message 112 to peer 0x61f899b8d8b0 (12 bytes)
1760336757.425733 sending message 112 to peer 0x61f899b8d8b0 (12 bytes)
1760336757.426128 sending message 112 to peer 0x61f899b8d8b0 (9 bytes)
1760336757.426326 sending message 112 to peer 0x61f899b8d8b0 (12 bytes)
1760336757.426672 sending message 112 to peer 0x61f899b8d8b0 (13 bytes)
1760336757.427203 sending message 112 to peer 0x61f899b8d8b0 (13 bytes)
1760336757.427385 sending message 112 to peer 0x61f899b8d8b0 (13 bytes)
1760336757.427728 sending message 112 to peer 0x61f899b8d8b0 (13 bytes)
1760336757.428061 sending message 112 to peer 0x61f899b8d8b0 (13 bytes)
1760336757.428428 sending message 112 to peer 0x61f899b8d8b0 (8 bytes)
1760336757.428796 sending message 112 to peer 0x61f899b8d8b0 (11 bytes)
1760336757.429020 sending message 112 to peer 0x61f899b8d8b0 (11 bytes)
1760336757.429249 sending message 112 to peer 0x61f899b8d8b0 (11 bytes)
1760336757.429420 sending message 112 to peer 0x61f899b8d8b0 (12 bytes)
1760336757.429661 sending message 112 to peer 0x61f899b8d8b0 (12 bytes)
1760336757.429799 sending message 112 to peer 0x61f899b8d8b0 (12 bytes)
1760336757.430019 sending message 112 to peer 0x61f899b8d8b0 (12 bytes)
1760336757.430322 sending message 112 to peer 0x61f899b8d8b0 (13 bytes)
1760336757.430620 sending message 112 to peer 0x61f899b8d8b0 (13 bytes)
1760336757.431049 sending message 112 to peer 0x61f899b8d8b0 (13 bytes)
1760336757.431252 sending message 112 to peer 0x61f899b8d8b0 (8 bytes)
1760336757.431482 sending message 112 to peer 0x61f899b8d8b0 (13 bytes)
1760336757.431758 sending message 112 to peer 0x61f899b8d8b0 (13 bytes)
1760336757.432047 sending message 112 to peer 0x61f899b8d8b0 (13 bytes)
1760336757.432574 sending message 112 to peer 0x61f899b8d8b0 (13 bytes)
1760336757.432742 sending message 112 to peer 0x61f899b8d8b0 (13 bytes)
1760336757.433133 sending message 112 to peer 0x61f899b8d8b0 (12 bytes)
1760336757.433501 sending message 112 to peer 0x61f899b8d8b0 (12 bytes)
1760336757.433854 sending message 112 to peer 0x61f899b8d8b0 (12 bytes)
1760336757.434485 sending message 112 to peer 0x61f899b8d8b0 (12 bytes)
1760336757.434687 sending message 112 to peer 0x61f899b8d8b0 (13 bytes)
1760336757.435160 sending message 112 to peer 0x61f899b8d8b0 (8 bytes)
1760336757.435606 sending message 112 to peer 0x61f899b8d8b0 (13 bytes)
1760336757.435906 sending message 112 to peer 0x61f899b8d8b0 (13 bytes)
1760336757.436364 sending message 112 to peer 0x61f899b8d8b0 (13 bytes)
1760336757.436958 sending message 112 to peer 0x61f899b8d8b0 (13 bytes)
1760336757.437192 sending message 112 to peer 0x61f899b8d8b0 (13 bytes)
1760336757.437634 sending message 112 to peer 0x61f899b8d8b0 (13 bytes)
1760336757.438095 sending message 112 to peer 0x61f899b8d8b0 (13 bytes)
1760336757.438255 sending message 112 to peer 0x61f899b8d8b0 (12 bytes)
1760336757.438720 sending message 112 to peer 0x61f899b8d8b0 (12 bytes)
1760336757.439199 sending message 112 to peer 0x61f899b8d8b0 (12 bytes)
1760336757.439403 sending message 112 to peer 0x61f899b8d8b0 (8 bytes)
1760336757.439762 sending message 112 to peer 0x61f899b8d8b0 (12 bytes)
1760336757.440338 sending message 112 to peer 0x61f899b8d8b0 (13 bytes)
1760336757.440577 sending message 112 to peer 0x61f899b8d8b0 (13 bytes)
1760336757.441015 sending message 112 to peer 0x61f899b8d8b0 (13 bytes)
1760336757.441559 sending message 112 to peer 0x61f899b8d8b0 (13 bytes)
1760336757.441989 sending message 112 to peer 0x61f899b8d8b0 (13 bytes)
1760336757.442216 sending message 112 to peer 0x61f899b8d8b0 (13 bytes)
1760336757.442384 sending message 112 to peer 0x61f899b8d8b0 (13 bytes)
1760336757.442695 sending message 112 to peer 0x61f899b8d8b0 (13 bytes)
1760336757.443065 sending message 112 to peer 0x61f899b8d8b0 (12 bytes)
1760336757.443287 sending message 112 to peer 0x61f899b8d8b0 (10 bytes)
1760336757.443505 sending message 112 to peer 0x61f899b8d8b0 (12 bytes)
1760336757.443785 sending message 112 to peer 0x61f899b8d8b0 (12 bytes)
1760336757.444043 sending message 112 to peer 0x61f899b8d8b0 (12 bytes)
1760336757.444470 sending message 112 to peer 0x61f899b8d8b0 (13 bytes)
1760336757.444951 sending message 112 to peer 0x61f899b8d8b0 (13 bytes)
1760336757.445357 sending message 112 to peer 0x61f899b8d8b0 (13 bytes)
1760336757.445976 sending message 112 to peer 0x61f899b8d8b0 (13 bytes)
1760336757.446234 sending message 112 to peer 0x61f899b8d8b0 (13 bytes)
1760336757.446438 sending message 112 to peer 0x61f899b8d8b0 (13 bytes)
1760336757.446814 sending message 112 to peer 0x61f899b8d8b0 (13 bytes)
1760336757.447285 sending message 112 to peer 0x61f899b8d8b0 (10 bytes)
1760336757.447455 sending message 112 to peer 0x61f899b8d8b0 (13 bytes)
1760336757.447828 sending message 112 to peer 0x61f899b8d8b0 (12 bytes)
1760336757.448222 sending message 112 to peer 0x61f899b8d8b0 (12 bytes)
1760336757.448450 sending message 112 to peer 0x61f899b8d8b0 (12 bytes)
1760336757.448890 sending message 112 to peer 0x61f899b8d8b0 (10 bytes)
1760336757.449286 sending message 112 to peer 0x61f899b8d8b0 (10 bytes)
1760336757.449691 sending message 112 to peer 0x61f899b8d8b0 (10 bytes)
1760336757.450193 sending message 112 to peer 0x61f899b8d8b0 (12 bytes)
1760336757.450581 sending message 112 to peer 0x61f899b8d8b0 (13 bytes)
1760336757.451066 sending message 112 to peer 0x61f899b8d8b0 (13 bytes)
1760336757.451479 sending message 112 to peer 0x61f899b8d8b0 (13 bytes)
1760336757.452052 sending message 112 to peer 0x61f899b8d8b0 (13 bytes)
1760336757.452582 sending message 112 to peer 0x61f899b8d8b0 (13 bytes)
1760336757.452758 sending message 112 to peer 0x61f899b8d8b0 (10 bytes)
1760336757.453197 sending message 112 to peer 0x61f899b8d8b0 (11 bytes)
1760336757.453529 sending message 112 to peer 0x61f899b8d8b0 (12 bytes)
1760336757.453804 sending message 112 to peer 0x61f899b8d8b0 (12 bytes)
1760336757.454429 sending message 112 to peer 0x61f899b8d8b0 (12 bytes)
1760336757.454645 sending message 112 to peer 0x61f899b8d8b0 (12 bytes)
1760336757.455001 sending message 112 to peer 0x61f899b8d8b0 (12 bytes)
1760336757.455379 sending message 112 to peer 0x61f899b8d8b0 (11 bytes)
1760336757.455598 sending message 112 to peer 0x61f899b8d8b0 (12 bytes)
1760336757.455782 sending message 112 to peer 0x61f899b8d8b0 (12 bytes)
1760336757.456226 sending message 112 to peer 0x61f899b8d8b0 (13 bytes)
1760336757.456707 sending message 112 to peer 0x61f899b8d8b0 (13 bytes)
1760336757.457210 sending message 112 to peer 0x61f899b8d8b0 (13 bytes)
1760336757.457555 sending message 112 to peer 0x61f899b8d8b0 (13 bytes)
1760336757.457959 sending message 112 to peer 0x61f899b8d8b0 (13 bytes)
1760336757.458403 sending message 112 to peer 0x61f899b8d8b0 (10 bytes)
1760336757.458761 sending message 112 to peer 0x61f899b8d8b0 (9 bytes)
1760336757.459159 sending message 112 to peer 0x61f899b8d8b0 (12 bytes)
1760336757.459565 sending message 112 to peer 0x61f899b8d8b0 (13 bytes)
1760336757.460008 sending message 112 to peer 0x61f899b8d8b0 (13 bytes)
1760336757.460298 sending message 112 to peer 0x61f899b8d8b0 (13 bytes)
1760336757.460542 sending message 112 to peer 0x61f899b8d8b0 (13 bytes)
1760336757.460890 sending message 112 to peer 0x61f899b8d8b0 (13 bytes)
1760336757.461338 sending message 112 to peer 0x61f899b8d8b0 (9 bytes)
1760336757.461602 sending message 112 to peer 0x61f899b8d8b0 (12 bytes)
1760336757.462132 sending message 112 to peer 0x61f899b8d8b0 (13 bytes)
1760336757.462321 sending message 112 to peer 0x61f899b8d8b0 (13 bytes)
1760336757.462563 sending message 112 to peer 0x61f899b8d8b0 (13 bytes)
1760336757.462986 sending message 112 to peer 0x61f899b8d8b0 (13 bytes)
1760336757.463468 sending message 112 to peer 0x61f899b8d8b0 (13 bytes)
1760336757.463767 sending message 112 to peer 0x61f899b8d8b0 (11 bytes)
1760336757.464154 sending message 112 to peer 0x61f899b8d8b0 (12 bytes)
1760336757.464614 sending message 112 to peer 0x61f899b8d8b0 (13 bytes)
1760336757.464914 sending message 112 to peer 0x61f899b8d8b0 (13 bytes)
1760336757.465143 sending message 112 to peer 0x61f899b8d8b0 (13 bytes)
1760336757.465346 sending message 112 to peer 0x61f899b8d8b0 (13 bytes)
1760336757.465527 sending message 112 to peer 0x61f899b8d8b0 (13 bytes)
1760336757.465764 sending message 112 to peer 0x61f899b8d8b0 (11 bytes)
1760336757.466229 sending message 112 to peer 0x61f899b8d8b0 (12 bytes)
1760336757.466484 sending message 112 to peer 0x61f899b8d8b0 (12 bytes)
1760336757.466872 sending message 112 to peer 0x61f899b8d8b0 (12 bytes)
1760336757.467399 sending message 112 to peer 0x61f899b8d8b0 (12 bytes)
1760336757.467562 sending message 112 to peer 0x61f899b8d8b0 (12 bytes)
1760336757.467714 sending message 112 to peer 0x61f899b8d8b0 (21 bytes)
1760336757.468152 sending message 112 to peer 0x61f899b8d8b0 (12 bytes)
1760336757.468532 sending message 112 to peer 0x61f899b8d8b0 (9 bytes)
1760336757.468787 sending message 112 to peer 0x61f899b8d8b0 (6 bytes)
1760336757.469169 sending message 112 to peer 0x61f899b8d8b0 (13 bytes)
1760336757.469620 sending message 112 to peer 0x61f899b8d8b0 (10 bytes)
1760336757.470168 sending message 112 to peer 0x61f899b8d8b0 (24 bytes)
1760336757.470606 sending message 112 to peer 0x61f899b8d8b0 (13 bytes)
1760336757.471215 sending message 112 to peer 0x61f899b8d8b0 (9 bytes)
1760336757.471586 sending message 112 to peer 0x61f899b8d8b0 (70 bytes)
1760336757.471819 sending message 112 to peer 0x61f899b8d8b0 (69 bytes)
1760336757.472194 sending message 112 to peer 0x61f899b8d8b0 (12 bytes)
1760336757.472506 sending message 112 to peer 0x61f899b8d8b0 (10 bytes)
1760336757.472726 sending message 112 to peer 0x61f899b8d8b0 (10 bytes)
1760336757.473146 sending message 112 to peer 0x61f899b8d8b0 (24 bytes)
1760336757.473496 sending message 112 to peer 0x61f899b8d8b0 (13 bytes)
1760336757.474043 sending message 112 to peer 0x61f899b8d8b0 (10 bytes)
1760336757.474538 sending message 112 to peer 0x61f899b8d8b0 (10 bytes)
1760336757.474710 sending message 112 to peer 0x61f899b8d8b0 (10 bytes)
1760336757.474988 sending message 112 to peer 0x61f899b8d8b0 (13 bytes)
1760336757.475183 sending message 112 to peer 0x61f899b8d8b0 (15 bytes)
1760336757.475722 sending message 112 to peer 0x61f899b8d8b0 (5 bytes)
1760336757.476235 sending message 104 to peer 0x61f899b8d8b0 (0 bytes)
1760336757.476464 sending message 110 to peer 0x61f899b8d8b0 (0 bytes)
1760336757.476881 sending message 107 to peer 0x61f899b8d8b0 (4 bytes)
1760336757.477452 sending message 105 to peer 0x61f899b8d8b0 (16 bytes)
1760336757.478062 sending message 105 to peer 0x61f899b8d8b0 (24 bytes)
1760336757.478449 sending message 105 to peer 0x61f899b8d8b0 (23 bytes)
1760336757.478942 sending message 105 to peer 0x61f899b8d8b0 (17 bytes)
1760336757.479242 sending message 105 to peer 0x61f899b8d8b0 (30 bytes)
1760336757.479425 sending message 105 to peer 0x61f899b8d8b0 (21 bytes)
1760336757.479844 sending message 105 to peer 0x61f899b8d8b0 (23 bytes)
1760336757.480365 sending message 105 to peer 0x61f899b8d8b0 (24 bytes)
1760336757.480704 sending message 105 to peer 0x61f899b8d8b0 (13 bytes)
1760336757.481064 sending message 105 to peer 0x61f899b8d8b0 (33 bytes)
1760336757.481306 sending message 105 to peer 0x61f899b8d8b0 (1817 bytes)
1760336757.481923 sending message 105 to peer 0x61f899b8d8b0 (26 bytes)
1760336757.482275 sending message 105 to peer 0x61f899b8d8b0 (34 bytes)
1760336757.482717 sending message 105 to peer 0x61f899b8d8b0 (20 bytes)
1760336757.483137 sending message 105 to peer 0x61f899b8d8b0 (32 bytes)
1760336757.483503 sending message 105 to peer 0x61f899b8d8b0 (18 bytes)
1760336757.484105 sending message 105 to peer 0x61f899b8d8b0 (11 bytes)
1760336757.484269 sending message 105 to peer 0x61f899b8d8b0 (8 bytes)
1760336757.484614 sending message 105 to peer 0x61f899b8d8b0 (32 bytes)
1760336757.485060 sending message 105 to peer 0x61f899b8d8b0 (8 bytes)
1760336757.485409 sending message 105 to peer 0x61f899b8d8b0 (65 bytes)
1760336757.485798 sending message 105 to peer 0x61f899b8d8b0 (461 bytes)
1760336757.486042 sending message 105 to peer 0x61f899b8d8b0 (54 bytes)
1760336757.486436 sending message 105 to peer 0x61f899b8d8b0 (16 bytes)
1760336757.487035 sending message 105 to peer 0x61f899b8d8b0 (40 bytes)
1760336757.487413 sending message 105 to peer 0x61f899b8d8b0 (16 bytes)
1760336757.487706 sending message 106 to peer 0x61f899b8d8b0 (0 bytes)
1760336757.488062 sending message 200 to peer 0x61f899b8d8b0 (4 bytes)
1760336757.488470 client loop enter
1760336757.488672 client_signal: Child exited
1760336759.835753 peer 0x61f899b8d8b0 message 207
1760336759.836066 sending message 208 to peer 0x61f899b8d8b0 (0 bytes)
1760336767.433331 peer 0x61f899b8d8b0 message 203
1760336767.433509 sending message 205 to peer 0x61f899b8d8b0 (0 bytes)
1760336767.435411 peer 0x61f899b8d8b0 message 204
1760336767.435690 client loop exit
